<?xml version="1.0" encoding="UTF-8"?>
<testsuite xmlns:xsi="http://www.w3.org/2001/XMLSchema-instance" xsi:noNamespaceSchemaLocation="https://maven.apache.org/surefire/maven-surefire-plugin/xsd/surefire-test-report-3.0.xsd" version="3.0" name="at.tuwien.swtesting.RingBufferModelTest" time="0.156" tests="2" errors="0" skipped="0" failures="0">
  <properties>
[...]
</properties>
  <testcase name="testModelWithAdapter" classname="at.tuwien.swtesting.RingBufferModelTest" time="0.117">
    <system-out><![CDATA[done (EMPTY, size, EMPTY)
done (EMPTY, isFull, EMPTY)
done (EMPTY, enqueue, FILLED)
done (FILLED, size, FILLED)
done (FILLED, enqueue, FILLED)
done (FILLED, peek, FILLED)
done (FILLED, dequeue, FILLED)
done (FILLED, isEmpty, FILLED)
done (FILLED, capacity, FILLED)
done (FILLED, isFull, FILLED)
done (FILLED, isEmpty, FILLED)
done (FILLED, dequeue, EMPTY)
done (EMPTY, capacity, EMPTY)
done (EMPTY, peekEmptyBuffer, EMPTY)
done (EMPTY, isEmpty, EMPTY)
done (EMPTY, dequeueFromEmptyBuffer, EMPTY)
done Random reset(true)
done (EMPTY, peekEmptyBuffer, EMPTY)
done (EMPTY, capacity, EMPTY)
done (EMPTY, isEmpty, EMPTY)
done (EMPTY, peekEmptyBuffer, EMPTY)
done (EMPTY, capacity, EMPTY)
done (EMPTY, dequeueFromEmptyBuffer, EMPTY)
done Random reset(true)
done (EMPTY, enqueue, FILLED)
done (FILLED, enqueue, FILLED)
done (FILLED, size, FILLED)
done Random reset(true)
done (EMPTY, capacity, EMPTY)
done (EMPTY, size, EMPTY)
done (EMPTY, isFull, EMPTY)
done (EMPTY, enqueue, FILLED)
done Random reset(true)
done (EMPTY, isEmpty, EMPTY)
done (EMPTY, enqueue, FILLED)
done (FILLED, isFull, FILLED)
done (FILLED, dequeue, EMPTY)
done (EMPTY, isEmpty, EMPTY)
done (EMPTY, peekEmptyBuffer, EMPTY)
done (EMPTY, capacity, EMPTY)
done (EMPTY, dequeueFromEmptyBuffer, EMPTY)
done (EMPTY, capacity, EMPTY)
done (EMPTY, isEmpty, EMPTY)
done (EMPTY, dequeueFromEmptyBuffer, EMPTY)
done (EMPTY, enqueue, FILLED)
done (FILLED, size, FILLED)
done (FILLED, isEmpty, FILLED)
done (FILLED, isFull, FILLED)
done (FILLED, dequeue, EMPTY)
done (EMPTY, dequeueFromEmptyBuffer, EMPTY)
done Random reset(true)
done (EMPTY, isFull, EMPTY)
done (EMPTY, isEmpty, EMPTY)
done (EMPTY, size, EMPTY)
done (EMPTY, enqueue, FILLED)
done (FILLED, enqueue, FILLED)
done (FILLED, enqueue, FULL)
done (FULL, capacity, FULL)
done (FULL, size, FULL)
done Random reset(true)
done (EMPTY, peekEmptyBuffer, EMPTY)
done (EMPTY, dequeueFromEmptyBuffer, EMPTY)
done (EMPTY, capacity, EMPTY)
done (EMPTY, capacity, EMPTY)
done (EMPTY, peekEmptyBuffer, EMPTY)
done (EMPTY, enqueue, FILLED)
done (FILLED, isEmpty, FILLED)
done (FILLED, size, FILLED)
done (FILLED, dequeue, EMPTY)
done (EMPTY, peekEmptyBuffer, EMPTY)
done (EMPTY, enqueue, FILLED)
done (FILLED, size, FILLED)
done (FILLED, size, FILLED)
done (FILLED, capacity, FILLED)
done (FILLED, enqueue, FILLED)
done (FILLED, enqueue, FULL)
done (FULL, peek, FULL)
done (FULL, isFull, FULL)
done (FULL, dequeue, FILLED)
done (FILLED, peek, FILLED)
done (FILLED, isEmpty, FILLED)
done (FILLED, size, FILLED)
done (FILLED, isFull, FILLED)
done (FILLED, isFull, FILLED)
done Random reset(true)
done (EMPTY, enqueue, FILLED)
done (FILLED, dequeue, EMPTY)
done (EMPTY, capacity, EMPTY)
done (EMPTY, capacity, EMPTY)
done (EMPTY, capacity, EMPTY)
done (EMPTY, isFull, EMPTY)
done (EMPTY, size, EMPTY)
done (EMPTY, peekEmptyBuffer, EMPTY)
done (EMPTY, size, EMPTY)
done (EMPTY, isEmpty, EMPTY)
done (EMPTY, enqueue, FILLED)
done (FILLED, isEmpty, FILLED)
done Random reset(true)
done (EMPTY, dequeueFromEmptyBuffer, EMPTY)
done (EMPTY, enqueue, FILLED)
state coverage: 3/3
transition coverage: 21/21
]]></system-out>
  </testcase>
  <testcase name="testModelOnly" classname="at.tuwien.swtesting.RingBufferModelTest" time="0.013">
    <system-out><![CDATA[done (EMPTY, peekEmptyBuffer, EMPTY)
done (EMPTY, dequeueFromEmptyBuffer, EMPTY)
done (EMPTY, enqueue, FILLED)
done (FILLED, peek, FILLED)
done (FILLED, dequeue, EMPTY)
done (EMPTY, peekEmptyBuffer, EMPTY)
done (EMPTY, enqueue, FILLED)
done (FILLED, enqueue, FILLED)
done (FILLED, peek, FILLED)
done (FILLED, peek, FILLED)
done (FILLED, dequeue, FILLED)
done (FILLED, enqueue, FILLED)
done (FILLED, peek, FILLED)
done (FILLED, peek, FILLED)
done (FILLED, dequeue, FILLED)
done (FILLED, dequeue, EMPTY)
done Random reset(true)
done (EMPTY, dequeueFromEmptyBuffer, EMPTY)
done (EMPTY, peekEmptyBuffer, EMPTY)
done (EMPTY, dequeueFromEmptyBuffer, EMPTY)
done (EMPTY, peekEmptyBuffer, EMPTY)
done (EMPTY, dequeueFromEmptyBuffer, EMPTY)
done Random reset(true)
done (EMPTY, enqueue, FILLED)
done (FILLED, peek, FILLED)
done (FILLED, peek, FILLED)
done Random reset(true)
done (EMPTY, dequeueFromEmptyBuffer, EMPTY)
done (EMPTY, enqueue, FILLED)
done (FILLED, peek, FILLED)
done Random reset(true)
done (EMPTY, enqueue, FILLED)
done (FILLED, peek, FILLED)
done (FILLED, peek, FILLED)
done (FILLED, peek, FILLED)
done (FILLED, peek, FILLED)
done (FILLED, peek, FILLED)
done Random reset(true)
done (EMPTY, enqueue, FILLED)
done (FILLED, peek, FILLED)
done (FILLED, dequeue, EMPTY)
done (EMPTY, enqueue, FILLED)
done (FILLED, dequeue, EMPTY)
done (EMPTY, peekEmptyBuffer, EMPTY)
done (EMPTY, enqueue, FILLED)
done (FILLED, dequeue, EMPTY)
done (EMPTY, enqueue, FILLED)
done Random reset(true)
done (EMPTY, enqueue, FILLED)
done (FILLED, enqueue, FILLED)
done (FILLED, peek, FILLED)
done (FILLED, enqueue, FULL)
state coverage: 3/3
transition coverage: 8/8
]]></system-out>
  </testcase>
</testsuite>