<?xml version="1.0" encoding="UTF-8"?>
<testsuite xmlns:xsi="http://www.w3.org/2001/XMLSchema-instance" xsi:noNamespaceSchemaLocation="https://maven.apache.org/surefire/maven-surefire-plugin/xsd/surefire-test-report-3.0.xsd" version="3.0" name="at.tuwien.swtesting.ChangeStatusModelTest" time="0.098" tests="1" errors="0" skipped="0" failures="0">
  <properties>
[...]
</properties>
  <testcase name="testChangeStatus" classname="at.tuwien.swtesting.ChangeStatusModelTest" time="0.073">
    <system-out><![CDATA[done (NEW, changeToResolved, RESOLVED)
done (RESOLVED, changeToUnconfirmed, UNCONFIRMED)
done (UNCONFIRMED, changeToNew, NEW)
done (NEW, changeToInProgress, IN_PROGRESS)
done (IN_PROGRESS, changeToNew, NEW)
done (NEW, changeToNew, NEW)
done (NEW, changeToResolved, RESOLVED)
done (RESOLVED, changeToNew, NEW)
done (NEW, changeToInProgress, IN_PROGRESS)
done (IN_PROGRESS, changeToResolved, RESOLVED)
done (RESOLVED, changeToVerified, VERIFIED)
done (VERIFIED, changeToUnconfirmed, UNCONFIRMED)
done (UNCONFIRMED, changeToResolved, RESOLVED)
done (RESOLVED, changeToNew, NEW)
done (NEW, changeToNew, NEW)
done (NEW, changeToInProgress, IN_PROGRESS)
done Random reset(true)
done (NEW, changeToNew, NEW)
done (NEW, changeToInProgress, IN_PROGRESS)
done (IN_PROGRESS, changeToResolved, RESOLVED)
done (RESOLVED, changeToNew, NEW)
done Random reset(true)
done (NEW, changeToResolved, RESOLVED)
done (RESOLVED, changeToUnconfirmed, UNCONFIRMED)
done (UNCONFIRMED, changeToInProgress, IN_PROGRESS)
done Random reset(true)
done (NEW, changeToNew, NEW)
done (NEW, changeToResolved, RESOLVED)
done (RESOLVED, changeToNew, NEW)
done (NEW, changeToResolved, RESOLVED)
done (RESOLVED, changeToUnconfirmed, UNCONFIRMED)
done (UNCONFIRMED, changeToNew, NEW)
done (NEW, changeToNew, NEW)
done (NEW, changeToNew, NEW)
done (NEW, changeToNew, NEW)
done (NEW, changeToInProgress, IN_PROGRESS)
done (IN_PROGRESS, changeToResolved, RESOLVED)
done (RESOLVED, changeToUnconfirmed, UNCONFIRMED)
done (UNCONFIRMED, changeToInProgress, IN_PROGRESS)
done (IN_PROGRESS, changeToResolved, RESOLVED)
done (RESOLVED, changeToNew, NEW)
done (NEW, changeToNew, NEW)
done (NEW, changeToInProgress, IN_PROGRESS)
done (IN_PROGRESS, changeToResolved, RESOLVED)
done Random reset(true)
done (NEW, changeToResolved, RESOLVED)
done (RESOLVED, changeToVerified, VERIFIED)
done (VERIFIED, changeToNew, NEW)
done (NEW, changeToInProgress, IN_PROGRESS)
done (IN_PROGRESS, changeToResolved, RESOLVED)
state coverage: 5/5
transition coverage: 13/13
]]></system-out>
  </testcase>
</testsuite>